This is pdfTeX, Version 3.141592653-2.6-1.40.25 (TeX Live 2023/Arch Linux) (preloaded format=pdflatex 2023.8.26)  31 AUG 2023 16:02
entering extended mode
 restricted \write18 enabled.
 %&-line parsing enabled.
**protocol.tex
(./protocol.tex
LaTeX2e <2022-11-01> patch level 1
L3 programming layer <2023-02-22>
(/usr/share/texmf-dist/tex/latex/base/article.cls
Document Class: article 2022/07/02 v1.4n Standard LaTeX document class
(/usr/share/texmf-dist/tex/latex/base/size10.clo
File: size10.clo 2022/07/02 v1.4n Standard LaTeX file (size option)
)
\c@part=\count185
\c@section=\count186
\c@subsection=\count187
\c@subsubsection=\count188
\c@paragraph=\count189
\c@subparagraph=\count190
\c@figure=\count191
\c@table=\count192
\abovecaptionskip=\skip48
\belowcaptionskip=\skip49
\bibindent=\dimen140
)
(/usr/share/texmf-dist/tex/generic/babel/babel.sty
Package: babel 2023/02/13 3.86 The Babel package
\babel@savecnt=\count193
\U@D=\dimen141
\l@unhyphenated=\language3

(/usr/share/texmf-dist/tex/generic/babel/txtbabel.def)
\bbl@readstream=\read2
\bbl@dirlevel=\count194

(/usr/share/texmf-dist/tex/generic/babel-english/english.ldf
Language: english 2017/06/06 v3.3r English support from the babel system
Package babel Info: Hyphen rules for 'british' set to \l@english
(babel)             (\language0). Reported on input line 82.
Package babel Info: Hyphen rules for 'UKenglish' set to \l@english
(babel)             (\language0). Reported on input line 83.
Package babel Info: Hyphen rules for 'canadian' set to \l@english
(babel)             (\language0). Reported on input line 102.
Package babel Info: Hyphen rules for 'australian' set to \l@english
(babel)             (\language0). Reported on input line 105.
Package babel Info: Hyphen rules for 'newzealand' set to \l@english
(babel)             (\language0). Reported on input line 108.
))
(/usr/share/texmf-dist/tex/generic/babel/locale/en/babel-english.tex
Package babel Info: Importing font and identification data for english
(babel)             from babel-en.ini. Reported on input line 11.
)
(/usr/share/texmf-dist/tex/latex/amsmath/amsmath.sty
Package: amsmath 2022/04/08 v2.17n AMS math features
\@mathmargin=\skip50

For additional information on amsmath, use the `?' option.
(/usr/share/texmf-dist/tex/latex/amsmath/amstext.sty
Package: amstext 2021/08/26 v2.01 AMS text

(/usr/share/texmf-dist/tex/latex/amsmath/amsgen.sty
File: amsgen.sty 1999/11/30 v2.0 generic functions
\@emptytoks=\toks16
\ex@=\dimen142
))
(/usr/share/texmf-dist/tex/latex/amsmath/amsbsy.sty
Package: amsbsy 1999/11/29 v1.2d Bold Symbols
\pmbraise@=\dimen143
)
(/usr/share/texmf-dist/tex/latex/amsmath/amsopn.sty
Package: amsopn 2022/04/08 v2.04 operator names
)
\inf@bad=\count195
LaTeX Info: Redefining \frac on input line 234.
\uproot@=\count196
\leftroot@=\count197
LaTeX Info: Redefining \overline on input line 399.
LaTeX Info: Redefining \colon on input line 410.
\classnum@=\count198
\DOTSCASE@=\count199
LaTeX Info: Redefining \ldots on input line 496.
LaTeX Info: Redefining \dots on input line 499.
LaTeX Info: Redefining \cdots on input line 620.
\Mathstrutbox@=\box51
\strutbox@=\box52
LaTeX Info: Redefining \big on input line 722.
LaTeX Info: Redefining \Big on input line 723.
LaTeX Info: Redefining \bigg on input line 724.
LaTeX Info: Redefining \Bigg on input line 725.
\big@size=\dimen144
LaTeX Font Info:    Redeclaring font encoding OML on input line 743.
LaTeX Font Info:    Redeclaring font encoding OMS on input line 744.
\macc@depth=\count266
LaTeX Info: Redefining \bmod on input line 905.
LaTeX Info: Redefining \pmod on input line 910.
LaTeX Info: Redefining \smash on input line 940.
LaTeX Info: Redefining \relbar on input line 970.
LaTeX Info: Redefining \Relbar on input line 971.
\c@MaxMatrixCols=\count267
\dotsspace@=\muskip16
\c@parentequation=\count268
\dspbrk@lvl=\count269
\tag@help=\toks17
\row@=\count270
\column@=\count271
\maxfields@=\count272
\andhelp@=\toks18
\eqnshift@=\dimen145
\alignsep@=\dimen146
\tagshift@=\dimen147
\tagwidth@=\dimen148
\totwidth@=\dimen149
\lineht@=\dimen150
\@envbody=\toks19
\multlinegap=\skip51
\multlinetaggap=\skip52
\mathdisplay@stack=\toks20
LaTeX Info: Redefining \[ on input line 2953.
LaTeX Info: Redefining \] on input line 2954.
)
(/usr/share/texmf-dist/tex/latex/amsfonts/amssymb.sty
Package: amssymb 2013/01/14 v3.01 AMS font symbols

(/usr/share/texmf-dist/tex/latex/amsfonts/amsfonts.sty
Package: amsfonts 2013/01/14 v3.01 Basic AMSFonts support
\symAMSa=\mathgroup4
\symAMSb=\mathgroup5
LaTeX Font Info:    Redeclaring math symbol \hbar on input line 98.
LaTeX Font Info:    Overwriting math alphabet `\mathfrak' in version `bold'
(Font)                  U/euf/m/n --> U/euf/b/n on input line 106.
))
(/usr/share/texmf-dist/tex/latex/graphics/graphicx.sty
Package: graphicx 2021/09/16 v1.2d Enhanced LaTeX Graphics (DPC,SPQR)

(/usr/share/texmf-dist/tex/latex/graphics/keyval.sty
Package: keyval 2022/05/29 v1.15 key=value parser (DPC)
\KV@toks@=\toks21
)
(/usr/share/texmf-dist/tex/latex/graphics/graphics.sty
Package: graphics 2022/03/10 v1.4e Standard LaTeX Graphics (DPC,SPQR)

(/usr/share/texmf-dist/tex/latex/graphics/trig.sty
Package: trig 2021/08/11 v1.11 sin cos tan (DPC)
)
(/usr/share/texmf-dist/tex/latex/graphics-cfg/graphics.cfg
File: graphics.cfg 2016/06/04 v1.11 sample graphics configuration
)
Package graphics Info: Driver file: pdftex.def on input line 107.

(/usr/share/texmf-dist/tex/latex/graphics-def/pdftex.def
File: pdftex.def 2022/09/22 v1.2b Graphics/color driver for pdftex
))
\Gin@req@height=\dimen151
\Gin@req@width=\dimen152
)
(/usr/share/texmf-dist/tex/latex/tools/enumerate.sty
Package: enumerate 2015/07/23 v3.00 enumerate extensions (DPC)
\@enLab=\toks22
)
(/usr/share/texmf-dist/tex/latex/hyperref/hyperref.sty
Package: hyperref 2023-02-07 v7.00v Hypertext links for LaTeX

(/usr/share/texmf-dist/tex/generic/ltxcmds/ltxcmds.sty
Package: ltxcmds 2020-05-10 v1.25 LaTeX kernel commands for general use (HO)
)
(/usr/share/texmf-dist/tex/generic/iftex/iftex.sty
Package: iftex 2022/02/03 v1.0f TeX engine tests
)
(/usr/share/texmf-dist/tex/generic/pdftexcmds/pdftexcmds.sty
Package: pdftexcmds 2020-06-27 v0.33 Utility functions of pdfTeX for LuaTeX (HO
)

(/usr/share/texmf-dist/tex/generic/infwarerr/infwarerr.sty
Package: infwarerr 2019/12/03 v1.5 Providing info/warning/error messages (HO)
)
Package pdftexcmds Info: \pdf@primitive is available.
Package pdftexcmds Info: \pdf@ifprimitive is available.
Package pdftexcmds Info: \pdfdraftmode found.
)
(/usr/share/texmf-dist/tex/latex/kvsetkeys/kvsetkeys.sty
Package: kvsetkeys 2022-10-05 v1.19 Key value parser (HO)
)
(/usr/share/texmf-dist/tex/generic/kvdefinekeys/kvdefinekeys.sty
Package: kvdefinekeys 2019-12-19 v1.6 Define keys (HO)
)
(/usr/share/texmf-dist/tex/generic/pdfescape/pdfescape.sty
Package: pdfescape 2019/12/09 v1.15 Implements pdfTeX's escape features (HO)
)
(/usr/share/texmf-dist/tex/latex/hycolor/hycolor.sty
Package: hycolor 2020-01-27 v1.10 Color options for hyperref/bookmark (HO)
)
(/usr/share/texmf-dist/tex/latex/letltxmacro/letltxmacro.sty
Package: letltxmacro 2019/12/03 v1.6 Let assignment for LaTeX macros (HO)
)
(/usr/share/texmf-dist/tex/latex/auxhook/auxhook.sty
Package: auxhook 2019-12-17 v1.6 Hooks for auxiliary files (HO)
)
(/usr/share/texmf-dist/tex/latex/hyperref/nameref.sty
Package: nameref 2022-05-17 v2.50 Cross-referencing by name of section

(/usr/share/texmf-dist/tex/latex/refcount/refcount.sty
Package: refcount 2019/12/15 v3.6 Data extraction from label references (HO)
)
(/usr/share/texmf-dist/tex/generic/gettitlestring/gettitlestring.sty
Package: gettitlestring 2019/12/15 v1.6 Cleanup title references (HO)

(/usr/share/texmf-dist/tex/latex/kvoptions/kvoptions.sty
Package: kvoptions 2022-06-15 v3.15 Key value format for package options (HO)
))
\c@section@level=\count273
)
\@linkdim=\dimen153
\Hy@linkcounter=\count274
\Hy@pagecounter=\count275

(/usr/share/texmf-dist/tex/latex/hyperref/pd1enc.def
File: pd1enc.def 2023-02-07 v7.00v Hyperref: PDFDocEncoding definition (HO)
Now handling font encoding PD1 ...
... no UTF-8 mapping file for font encoding PD1
)
(/usr/share/texmf-dist/tex/generic/intcalc/intcalc.sty
Package: intcalc 2019/12/15 v1.3 Expandable calculations with integers (HO)
)
(/usr/share/texmf-dist/tex/generic/etexcmds/etexcmds.sty
Package: etexcmds 2019/12/15 v1.7 Avoid name clashes with e-TeX commands (HO)
)
\Hy@SavedSpaceFactor=\count276

(/usr/share/texmf-dist/tex/latex/hyperref/puenc.def
File: puenc.def 2023-02-07 v7.00v Hyperref: PDF Unicode definition (HO)
Now handling font encoding PU ...
... no UTF-8 mapping file for font encoding PU
)
Package hyperref Info: Hyper figures OFF on input line 4177.
Package hyperref Info: Link nesting OFF on input line 4182.
Package hyperref Info: Hyper index ON on input line 4185.
Package hyperref Info: Plain pages OFF on input line 4192.
Package hyperref Info: Backreferencing OFF on input line 4197.
Package hyperref Info: Implicit mode ON; LaTeX internals redefined.
Package hyperref Info: Bookmarks ON on input line 4425.
\c@Hy@tempcnt=\count277

(/usr/share/texmf-dist/tex/latex/url/url.sty
\Urlmuskip=\muskip17
Package: url 2013/09/16  ver 3.4  Verb mode for urls, etc.
)
LaTeX Info: Redefining \url on input line 4763.
\XeTeXLinkMargin=\dimen154

(/usr/share/texmf-dist/tex/generic/bitset/bitset.sty
Package: bitset 2019/12/09 v1.3 Handle bit-vector datatype (HO)

(/usr/share/texmf-dist/tex/generic/bigintcalc/bigintcalc.sty
Package: bigintcalc 2019/12/15 v1.5 Expandable calculations on big integers (HO
)
))
\Fld@menulength=\count278
\Field@Width=\dimen155
\Fld@charsize=\dimen156
Package hyperref Info: Hyper figures OFF on input line 6042.
Package hyperref Info: Link nesting OFF on input line 6047.
Package hyperref Info: Hyper index ON on input line 6050.
Package hyperref Info: backreferencing OFF on input line 6057.
Package hyperref Info: Link coloring OFF on input line 6062.
Package hyperref Info: Link coloring with OCG OFF on input line 6067.
Package hyperref Info: PDF/A mode OFF on input line 6072.

(/usr/share/texmf-dist/tex/latex/base/atbegshi-ltx.sty
Package: atbegshi-ltx 2021/01/10 v1.0c Emulation of the original atbegshi
package with kernel methods
)
\Hy@abspage=\count279
\c@Item=\count280
\c@Hfootnote=\count281
)
Package hyperref Info: Driver (autodetected): hpdftex.

(/usr/share/texmf-dist/tex/latex/hyperref/hpdftex.def
File: hpdftex.def 2023-02-07 v7.00v Hyperref driver for pdfTeX

(/usr/share/texmf-dist/tex/latex/base/atveryend-ltx.sty
Package: atveryend-ltx 2020/08/19 v1.0a Emulation of the original atveryend pac
kage
with kernel methods
)
\Fld@listcount=\count282
\c@bookmark@seq@number=\count283

(/usr/share/texmf-dist/tex/latex/rerunfilecheck/rerunfilecheck.sty
Package: rerunfilecheck 2022-07-10 v1.10 Rerun checks for auxiliary files (HO)

(/usr/share/texmf-dist/tex/generic/uniquecounter/uniquecounter.sty
Package: uniquecounter 2019/12/15 v1.4 Provide unlimited unique counter (HO)
)
Package uniquecounter Info: New unique counter `rerunfilecheck' on input line 2
85.
)
\Hy@SectionHShift=\skip53
)
(/usr/share/texmf-dist/tex/latex/tools/calc.sty
Package: calc 2017/05/25 v4.3 Infix arithmetic (KKT,FJ)
\calc@Acount=\count284
\calc@Bcount=\count285
\calc@Adimen=\dimen157
\calc@Bdimen=\dimen158
\calc@Askip=\skip54
\calc@Bskip=\skip55
LaTeX Info: Redefining \setlength on input line 80.
LaTeX Info: Redefining \addtolength on input line 81.
\calc@Ccount=\count286
\calc@Cskip=\skip56
)
(/usr/share/texmf-dist/tex/latex/base/ifthen.sty
Package: ifthen 2022/04/13 v1.1d Standard LaTeX ifthen package (DPC)
)
(/usr/share/texmf-dist/tex/latex/tools/tabularx.sty
Package: tabularx 2020/01/15 v2.11c `tabularx' package (DPC)

(/usr/share/texmf-dist/tex/latex/tools/array.sty
Package: array 2022/09/04 v2.5g Tabular extension package (FMi)
\col@sep=\dimen159
\ar@mcellbox=\box53
\extrarowheight=\dimen160
\NC@list=\toks23
\extratabsurround=\skip57
\backup@length=\skip58
\ar@cellbox=\box54
)
\TX@col@width=\dimen161
\TX@old@table=\dimen162
\TX@old@col=\dimen163
\TX@target=\dimen164
\TX@delta=\dimen165
\TX@cols=\count287
\TX@ftn=\toks24
)
(/usr/share/texmf-dist/tex/latex/capt-of/capt-of.sty
Package: capt-of 2009/12/29 v0.2 standard captions outside of floats
)
\c@tmcounter=\count288
\tmfloatwidth=\skip59

(/usr/share/texmf-dist/tex/latex/l3backend/l3backend-pdftex.def
File: l3backend-pdftex.def 2023-01-16 L3 backend support: PDF output (pdfTeX)
\l__color_backend_stack_int=\count289
\l__pdf_internal_box=\box55
)
(./protocol.aux)
\openout1 = `protocol.aux'.

LaTeX Font Info:    Checking defaults for OML/cmm/m/it on input line 37.
LaTeX Font Info:    ... okay on input line 37.
LaTeX Font Info:    Checking defaults for OMS/cmsy/m/n on input line 37.
LaTeX Font Info:    ... okay on input line 37.
LaTeX Font Info:    Checking defaults for OT1/cmr/m/n on input line 37.
LaTeX Font Info:    ... okay on input line 37.
LaTeX Font Info:    Checking defaults for T1/cmr/m/n on input line 37.
LaTeX Font Info:    ... okay on input line 37.
LaTeX Font Info:    Checking defaults for TS1/cmr/m/n on input line 37.
LaTeX Font Info:    ... okay on input line 37.
LaTeX Font Info:    Checking defaults for OMX/cmex/m/n on input line 37.
LaTeX Font Info:    ... okay on input line 37.
LaTeX Font Info:    Checking defaults for U/cmr/m/n on input line 37.
LaTeX Font Info:    ... okay on input line 37.
LaTeX Font Info:    Checking defaults for PD1/pdf/m/n on input line 37.
LaTeX Font Info:    ... okay on input line 37.
LaTeX Font Info:    Checking defaults for PU/pdf/m/n on input line 37.
LaTeX Font Info:    ... okay on input line 37.
 (/usr/share/texmf-dist/tex/context/base/mkii/supp-pdf.mkii
[Loading MPS to PDF converter (version 2006.09.02).]
\scratchcounter=\count290
\scratchdimen=\dimen166
\scratchbox=\box56
\nofMPsegments=\count291
\nofMParguments=\count292
\everyMPshowfont=\toks25
\MPscratchCnt=\count293
\MPscratchDim=\dimen167
\MPnumerator=\count294
\makeMPintoPDFobject=\count295
\everyMPtoPDFconversion=\toks26
) (/usr/share/texmf-dist/tex/latex/epstopdf-pkg/epstopdf-base.sty
Package: epstopdf-base 2020-01-24 v2.11 Base part for package epstopdf
Package epstopdf-base Info: Redefining graphics rule for `.eps' on input line 4
85.

(/usr/share/texmf-dist/tex/latex/latexconfig/epstopdf-sys.cfg
File: epstopdf-sys.cfg 2010/07/13 v1.3 Configuration of (r)epstopdf for TeX Liv
e
))
Package hyperref Info: Link coloring OFF on input line 37.
 (./protocol.out) (./protocol.out)
\@outlinefile=\write3
\openout3 = `protocol.out'.

<protocol-1.pdf, id=104, 426.79105pt x 78.34802pt>
File: protocol-1.pdf Graphic file (type pdf)
<use protocol-1.pdf>
Package pdftex.def Info: protocol-1.pdf  used on input line 39.
(pdftex.def)             Requested size: 423.21475pt x 77.69386pt.

Overfull \hbox (93.21475pt too wide) in paragraph at lines 39--40
[][] 
 []

[1

{/var/lib/texmf/fonts/map/pdftex/updmap/pdftex.map} <./protocol-1.pdf>]
LaTeX Font Info:    Trying to load font information for U+msa on input line 66.


(/usr/share/texmf-dist/tex/latex/amsfonts/umsa.fd
File: umsa.fd 2013/01/14 v3.01 AMS symbols A
)
LaTeX Font Info:    Trying to load font information for U+msb on input line 66.


(/usr/share/texmf-dist/tex/latex/amsfonts/umsb.fd
File: umsb.fd 2013/01/14 v3.01 AMS symbols B
)
Overfull \hbox (29.71988pt too wide) in paragraph at lines 66--66
 [][] 
 []

[2] (./protocol.toc)
\tf@toc=\write4
\openout4 = `protocol.toc'.

 [3]
<protocol-2.pdf, id=165, 213.39552pt x 328.01265pt>
File: protocol-2.pdf Graphic file (type pdf)
<use protocol-2.pdf>
Package pdftex.def Info: protocol-2.pdf  used on input line 140.
(pdftex.def)             Requested size: 211.60738pt x 325.26906pt.


LaTeX Warning: `h' float specifier changed to `ht'.

[4]
<protocol-3.pdf, id=178, 426.79105pt x 44.7453pt>
File: protocol-3.pdf Graphic file (type pdf)
<use protocol-3.pdf>
Package pdftex.def Info: protocol-3.pdf  used on input line 172.
(pdftex.def)             Requested size: 423.21475pt x 44.37306pt.

Overfull \hbox (78.21475pt too wide) in paragraph at lines 172--174
[][] 
 []


LaTeX Warning: `h' float specifier changed to `ht'.

[5 <./protocol-2.pdf>]
<protocol-4.pdf, id=193, 426.79105pt x 45.14664pt>
File: protocol-4.pdf Graphic file (type pdf)
<use protocol-4.pdf>
Package pdftex.def Info: protocol-4.pdf  used on input line 193.
(pdftex.def)             Requested size: 423.21475pt x 44.76968pt.

Overfull \hbox (78.21475pt too wide) in paragraph at lines 193--194
[][] 
 []


LaTeX Warning: `h' float specifier changed to `ht'.


LaTeX Warning: `h' float specifier changed to `ht'.

[6 <./protocol-3.pdf> <./protocol-4.pdf>] [7]
<Figure_correlation.png, id=233, 462.528pt x 346.896pt>
File: Figure_correlation.png Graphic file (type png)
<use Figure_correlation.png>
Package pdftex.def Info: Figure_correlation.png  used on input line 355.
(pdftex.def)             Requested size: 256.0748pt x 192.06375pt.


LaTeX Warning: `h' float specifier changed to `ht'.

<Figure_5.png, id=236, 722.7pt x 505.89pt>
File: Figure_5.png Graphic file (type png)
<use Figure_5.png>
Package pdftex.def Info: Figure_5.png  used on input line 368.
(pdftex.def)             Requested size: 338.56628pt x 242.39215pt.

LaTeX Warning: `h' float specifier changed to `ht'.

<Figure_6.png, id=239, 722.7pt x 505.89pt>
File: Figure_6.png Graphic file (type png)
<use Figure_6.png>
Package pdftex.def Info: Figure_6.png  used on input line 383.
(pdftex.def)             Requested size: 203.23682pt x 142.26378pt.

LaTeX Warning: `h' float specifier changed to `ht'.

<Figure_7.png, id=240, 722.7pt x 505.89pt>
File: Figure_7.png Graphic file (type png)
<use Figure_7.png>
Package pdftex.def Info: Figure_7.png  used on input line 391.
(pdftex.def)             Requested size: 203.23682pt x 142.26378pt.

LaTeX Warning: `h' float specifier changed to `ht'.


Package hyperref Warning: Token not allowed in a PDF string (Unicode):
(hyperref)                removing `math shift' on input line 397.


Package hyperref Warning: Token not allowed in a PDF string (Unicode):
(hyperref)                removing `\not' on input line 397.


Package hyperref Warning: Token not allowed in a PDF string (Unicode):
(hyperref)                removing `math shift' on input line 397.

[8] [9 <./Figure_correlation.png>] [10 <./Figure_5.png>] [11 <./Figure_6.png> <
./Figure_7.png>] [12]
File: protocol-9.pdf Graphic file (type pdf)
<use protocol-9.pdf>
Package pdftex.def Info: protocol-9.pdf  used on input line 542.
(pdftex.def)             Requested size: 190.45262pt x 123.79572pt.
File: protocol-9.pdf Graphic file (type pdf)
<use protocol-9.pdf>
Package pdftex.def Info: protocol-9.pdf  used on input line 542.
(pdftex.def)             Requested size: 190.45262pt x 123.79572pt.

Overfull \hbox (35.20367pt too wide) in paragraph at lines 542--542
 [] 
 []

File: protocol-10.pdf Graphic file (type pdf)
<use protocol-10.pdf>
Package pdftex.def Info: protocol-10.pdf  used on input line 542.
(pdftex.def)             Requested size: 190.45262pt x 123.79572pt.
File: protocol-10.pdf Graphic file (type pdf)
<use protocol-10.pdf>
Package pdftex.def Info: protocol-10.pdf  used on input line 542.
(pdftex.def)             Requested size: 190.45262pt x 123.79572pt.

Overfull \hbox (35.20367pt too wide) in paragraph at lines 542--542
 [] 
 []


Underfull \hbox (badness 1478) in paragraph at lines 542--542
[]\OT1/cmr/m/n/10 Figure 9: []custom loss, squared
 []

File: protocol-11.pdf Graphic file (type pdf)
<use protocol-11.pdf>
Package pdftex.def Info: protocol-11.pdf  used on input line 542.
(pdftex.def)             Requested size: 190.45262pt x 123.79572pt.
File: protocol-11.pdf Graphic file (type pdf)
<use protocol-11.pdf>
Package pdftex.def Info: protocol-11.pdf  used on input line 542.
(pdftex.def)             Requested size: 190.45262pt x 123.79572pt.

Overfull \hbox (35.20367pt too wide) in paragraph at lines 542--542
 [] 
 []

File: protocol-12.pdf Graphic file (type pdf)
<use protocol-12.pdf>
Package pdftex.def Info: protocol-12.pdf  used on input line 542.
(pdftex.def)             Requested size: 190.45262pt x 123.79572pt.
File: protocol-12.pdf Graphic file (type pdf)
<use protocol-12.pdf>
Package pdftex.def Info: protocol-12.pdf  used on input line 542.
(pdftex.def)             Requested size: 190.45262pt x 123.79572pt.

Overfull \hbox (35.20367pt too wide) in paragraph at lines 542--542
 [] 
 []

File: protocol-13.pdf Graphic file (type pdf)
<use protocol-13.pdf>
Package pdftex.def Info: protocol-13.pdf  used on input line 542.
(pdftex.def)             Requested size: 190.45262pt x 123.79572pt.
File: protocol-13.pdf Graphic file (type pdf)
<use protocol-13.pdf>
Package pdftex.def Info: protocol-13.pdf  used on input line 542.
(pdftex.def)             Requested size: 190.45262pt x 123.79572pt.

Overfull \hbox (35.20367pt too wide) in paragraph at lines 542--542
 [] 
 []


Underfull \hbox (badness 1442) in paragraph at lines 542--542
[]\OT1/cmr/m/n/10 Figure 12: []custom loss, dou-ble
 []


Overfull \hbox (9.4979pt too wide) in alignment at lines 542--542
[][] 
 []

[13 <./protocol-9.pdf> <./protocol-10.pdf> <./protocol-11.pdf> <./protocol-12.p
df> <./protocol-13.pdf>]
<protocol-14.pdf, id=336, 426.79105pt x 269.4203pt>
File: protocol-14.pdf Graphic file (type pdf)
<use protocol-14.pdf>
Package pdftex.def Info: protocol-14.pdf  used on input line 594.
(pdftex.def)             Requested size: 423.21475pt x 267.17091pt.

Overfull \hbox (78.21475pt too wide) in paragraph at lines 594--595
[][] 
 []


LaTeX Warning: `h' float specifier changed to `ht'.

[14]
File: protocol-15.pdf Graphic file (type pdf)
<use protocol-15.pdf>
Package pdftex.def Info: protocol-15.pdf  used on input line 618.
(pdftex.def)             Requested size: 190.45262pt x 117.91495pt.
File: protocol-15.pdf Graphic file (type pdf)
<use protocol-15.pdf>
Package pdftex.def Info: protocol-15.pdf  used on input line 618.
(pdftex.def)             Requested size: 190.45262pt x 117.91495pt.

Overfull \hbox (112.82816pt too wide) in paragraph at lines 618--618
 [] 
 []


Underfull \hbox (badness 4492) in paragraph at lines 618--618
\OT1/cmr/m/n/10 flood pre-dic-tion,
 []

File: protocol-16.pdf Graphic file (type pdf)
<use protocol-16.pdf>
Package pdftex.def Info: protocol-16.pdf  used on input line 618.
(pdftex.def)             Requested size: 190.45262pt x 117.91495pt.
File: protocol-16.pdf Graphic file (type pdf)
<use protocol-16.pdf>
Package pdftex.def Info: protocol-16.pdf  used on input line 618.
(pdftex.def)             Requested size: 190.45262pt x 117.91495pt.

Overfull \hbox (112.82816pt too wide) in paragraph at lines 618--618
 [] 
 []


Underfull \hbox (badness 4492) in paragraph at lines 618--618
\OT1/cmr/m/n/10 flood pre-dic-tion,
 []

File: protocol-17.pdf Graphic file (type pdf)
<use protocol-17.pdf>
Package pdftex.def Info: protocol-17.pdf  used on input line 618.
(pdftex.def)             Requested size: 190.45262pt x 117.91495pt.
File: protocol-17.pdf Graphic file (type pdf)
<use protocol-17.pdf>
Package pdftex.def Info: protocol-17.pdf  used on input line 618.
(pdftex.def)             Requested size: 190.45262pt x 117.91495pt.

Overfull \hbox (112.82816pt too wide) in paragraph at lines 618--618
 [] 
 []


Underfull \hbox (badness 4492) in paragraph at lines 618--618
\OT1/cmr/m/n/10 flood pre-dic-tion,
 []

File: protocol-18.pdf Graphic file (type pdf)
<use protocol-18.pdf>
Package pdftex.def Info: protocol-18.pdf  used on input line 618.
(pdftex.def)             Requested size: 190.45262pt x 117.95795pt.
File: protocol-18.pdf Graphic file (type pdf)
<use protocol-18.pdf>
Package pdftex.def Info: protocol-18.pdf  used on input line 618.
(pdftex.def)             Requested size: 190.45262pt x 117.95795pt.

Overfull \hbox (112.82816pt too wide) in paragraph at lines 618--618
 [] 
 []


Underfull \hbox (badness 4492) in paragraph at lines 618--618
\OT1/cmr/m/n/10 flood pre-dic-tion,
 []

[15 <./protocol-14.pdf>] [16 <./protocol-15.pdf> <./protocol-16.pdf> <./protoco
l-17.pdf> <./protocol-18.pdf>] [17] [18{/usr/share/texmf-dist/fonts/enc/dvips/c
m-super/cm-super-ts1.enc}] (./protocol.aux)
Package rerunfilecheck Info: File `protocol.out' has not changed.
(rerunfilecheck)             Checksum: 055A2896464FE446DD18B5F1C8059BAE;3244.
 ) 
Here is how much of TeX's memory you used:
 10933 strings out of 477985
 171133 string characters out of 5840058
 1862388 words of memory out of 5000000
 30888 multiletter control sequences out of 15000+600000
 520653 words of font info for 65 fonts, out of 8000000 for 9000
 14 hyphenation exceptions out of 8191
 75i,16n,76p,300b,567s stack positions out of 10000i,1000n,20000p,200000b,200000s
</usr/share/texmf-dist/fonts/type1/public/amsfonts/cm/cmbx10.pfb></usr/share/
texmf-dist/fonts/type1/public/amsfonts/cm/cmbx12.pfb></usr/share/texmf-dist/fon
ts/type1/public/amsfonts/cm/cmmi10.pfb></usr/share/texmf-dist/fonts/type1/publi
c/amsfonts/cm/cmmi5.pfb></usr/share/texmf-dist/fonts/type1/public/amsfonts/cm/c
mmi7.pfb></usr/share/texmf-dist/fonts/type1/public/amsfonts/cm/cmr10.pfb></usr/
share/texmf-dist/fonts/type1/public/amsfonts/cm/cmr12.pfb></usr/share/texmf-dis
t/fonts/type1/public/amsfonts/cm/cmr17.pfb></usr/share/texmf-dist/fonts/type1/p
ublic/amsfonts/cm/cmr7.pfb></usr/share/texmf-dist/fonts/type1/public/amsfonts/c
m/cmsy10.pfb></usr/share/texmf-dist/fonts/type1/public/amsfonts/cm/cmsy7.pfb></
usr/share/texmf-dist/fonts/type1/public/amsfonts/cm/cmtt10.pfb></usr/share/texm
f-dist/fonts/type1/public/amsfonts/symbols/msbm10.pfb></usr/share/texmf-dist/fo
nts/type1/public/cm-super/sfrm1000.pfb>
Output written on protocol.pdf (18 pages, 3097863 bytes).
PDF statistics:
 501 PDF objects out of 1000 (max. 8388607)
 389 compressed objects within 4 object streams
 78 named destinations out of 1000 (max. 500000)
 291 words of extra memory for PDF output out of 10000 (max. 10000000)

