\BOOKMARK [1][-]{section.1}{\376\377\000I\000n\000t\000r\000o\000d\000u\000c\000t\000i\000o\000n}{}% 1
\BOOKMARK [1][-]{section.2}{\376\377\000R\000e\000p\000o\000r\000t}{}% 2
\BOOKMARK [2][-]{subsection.2.1}{\376\377\000O\000v\000e\000r\000v\000i\000e\000w}{section.2}% 3
\BOOKMARK [2][-]{subsection.2.2}{\376\377\000C\000l\000e\000a\000n\000i\000n\000g\000\040\000t\000h\000e\000\040\000d\000a\000t\000a}{section.2}% 4
\BOOKMARK [2][-]{subsection.2.3}{\376\377\000S\000p\000l\000i\000t\000t\000i\000n\000g\000\040\000t\000h\000e\000\040\000d\000a\000t\000a}{section.2}% 5
\BOOKMARK [2][-]{subsection.2.4}{\376\377\000D\000a\000t\000a\000\040\000i\000m\000p\000u\000t\000a\000t\000i\000o\000n}{section.2}% 6
\BOOKMARK [2][-]{subsection.2.5}{\376\377\000R\000e\000d\000u\000c\000i\000n\000g\000\040\000D\000i\000m\000e\000n\000s\000i\000o\000n\000a\000l\000i\000t\000y}{section.2}% 7
\BOOKMARK [3][-]{subsubsection.2.5.1}{\376\377\000S\000h\000i\000f\000t\000e\000d\000\040\000c\000o\000r\000r\000e\000l\000a\000t\000i\000o\000n}{subsection.2.5}% 8
\BOOKMARK [3][-]{subsubsection.2.5.2}{\376\377\000O\000t\000h\000e\000r\000\040\000c\000o\000r\000r\000e\000l\000a\000t\000i\000o\000n\000\040\000m\000e\000a\000s\000u\000r\000e\000s}{subsection.2.5}% 9
\BOOKMARK [3][-]{subsubsection.2.5.3}{\376\377\000C\000o\000r\000r\000e\000l\000a\000t\000i\000o\000n\000\040\000=\000\040\000C\000a\000u\000s\000a\000l\000i\000t\000y}{subsection.2.5}% 10
\BOOKMARK [3][-]{subsubsection.2.5.4}{\376\377\000C\000o\000n\000c\000l\000u\000s\000i\000o\000n}{subsection.2.5}% 11
\BOOKMARK [2][-]{subsection.2.6}{\376\377\000C\000h\000o\000o\000s\000i\000n\000g\000\040\000M\000o\000d\000e\000l\000s}{section.2}% 12
\BOOKMARK [2][-]{subsection.2.7}{\376\377\000I\000m\000p\000l\000e\000m\000e\000n\000t\000a\000t\000i\000o\000n}{section.2}% 13
\BOOKMARK [3][-]{subsubsection.2.7.1}{\376\377\000L\000S\000T\000M}{subsection.2.7}% 14
\BOOKMARK [3][-]{subsubsection.2.7.2}{\376\377\000C\000N\000N}{subsection.2.7}% 15
\BOOKMARK [3][-]{subsubsection.2.7.3}{\376\377\000D\000e\000n\000s\000e\000\040\000N\000N}{subsection.2.7}% 16
\BOOKMARK [3][-]{subsubsection.2.7.4}{\376\377\000C\000u\000s\000t\000o\000m\000\040\000l\000o\000s\000s\000\040\000f\000u\000n\000c\000t\000i\000o\000n\000s}{subsection.2.7}% 17
\BOOKMARK [3][-]{subsubsection.2.7.5}{\376\377\000L\000e\000a\000r\000n\000i\000n\000g\000\040\000r\000a\000t\000e}{subsection.2.7}% 18
\BOOKMARK [2][-]{subsection.2.8}{\376\377\000V\000e\000r\000i\000f\000i\000c\000a\000t\000i\000o\000n\000\040\000o\000f\000\040\000R\000e\000s\000u\000l\000t\000s}{section.2}% 19
\BOOKMARK [1][-]{section.3}{\376\377\000D\000i\000s\000c\000u\000s\000s\000i\000o\000n}{}% 20
\BOOKMARK [1][-]{section.4}{\376\377\000C\000o\000n\000c\000l\000u\000s\000i\000o\000n}{}% 21
\BOOKMARK [1][-]{section.5}{\376\377\000G\000r\000o\000u\000p\000\040\000w\000o\000r\000k\000\040\000d\000y\000n\000a\000m\000i\000c\000s}{}% 22
\BOOKMARK [1][-]{section.6}{\376\377\000I\000n\000s\000t\000r\000u\000c\000t\000o\000r\000'\000s\000\040\000a\000s\000s\000e\000s\000s\000m\000e\000n\000t}{}% 23
\BOOKMARK [1][-]{appendix.A}{\376\377\000C\000o\000d\000e}{}% 24
\BOOKMARK [1][-]{appendix.B}{\376\377\000S\000t\000a\000t\000i\000o\000n\000s}{}% 25
